Possibly corrupted field NoiseReduction in MakerNote IFD
Possibly corrupted field NoiseReduction in MakerNote IFD
21:05:22  ERROR     review_server  Scan failed: bad parameter or other API misuse
Traceback (most recent call last):
  File "C:\new_dedup\photo-deduplicator\review_server.py", line 151, in _set_folder_and_scan
    new_state.scanner.scan(progress_cb=_progress_cb)
    ~~~~~~~~~~~~~~~~~~~~~~^^^^^^^^^^^^^^^^^^^^^^^^^^
  File "C:\new_dedup\photo-deduplicator\scanner.py", line 352, in scan
    self.db.update_photo_analysis(photo_id, **result)
    ~~~~~~~~~~~~~~~~~~~~~~~~~~~~~^^^^^^^^^^^^^^^^^^^^
  File "C:\new_dedup\photo-deduplicator\database.py", line 181, in update_photo_analysis
    c.execute(
    ~~~~~~~~~^
        f"UPDATE photos SET {cols} WHERE id = ?",
        ^^^^^^^^^^^^^^^^^^^^^^^^^^^^^^^^^^^^^^^^^
        (*fields.values(), photo_id),
        ^^^^^^^^^^^^^^^^^^^^^^^^^^^^^
    )
    ^
sqlite3.InterfaceError: bad parameter or other API misuse
21:05:22  INFO      scanner  Generating 876 thumbnails
21:05:49  INFO      duplicate_engine  [Pass 1] Exact duplicates (876 photos)
21:05:49  INFO      duplicate_engine    Found 0 exact-duplicate groups
21:05:49  INFO      duplicate_engine  [Pass 2] Burst shots (window=3.0s, pHash≤10, 876 photos)
21:05:49  INFO      duplicate_engine    876/876 photos have timestamp+pHash
21:05:49  INFO      duplicate_engine    Found 36 burst groups
21:05:49  INFO      duplicate_engine  [Pass 3] Quality cull (730 photos)
21:05:49  INFO      duplicate_engine    Flagged 344 low-quality photos
21:05:50  INFO      duplicate_engine  [Pass 4] Screenshots (386 photos)
21:05:50  INFO      duplicate_engine    Found 0 screenshots
21:05:50  INFO      duplicate_engine  [Pass 5] Near-duplicates (pHash≤8, 386 photos)
21:05:50  INFO      duplicate_engine    Found 9 near-duplicate groups
21:05:50  INFO      duplicate_engine  Detection complete: 389 groups created